# JRE version: OpenJDK Runtime Environment Temurin-21.0.11+10 (21.0.11+10) (build 21.0.11+10-LTS)
# Java VM: OpenJDK 64-Bit Server VM Temurin-21.0.11+10 (21.0.11+10-LTS, mixed mode, sharing, tiered, compressed oops, compressed class ptrs, parallel gc, windows-amd64)
GC Precious Log:
 CardTable entry size: 512
 CPUs: 16 total, 16 available
 Memory: 16202M
 Large Page Support: Disabled
 NUMA Support: Disabled
 Compressed Oops: Enabled (32-bit)
 Alignments: Space 512K, Generation 512K, Heap 2M
 Heap Min Capacity: 100M
 Heap Initial Capacity: 100M
 Heap Max Capacity: 2G
 Pre-touch: Disabled
 Parallel Workers: 13
Heap:
 PSYoungGen      total 4608K, used 4203K [0x00000000d5580000, 0x00000000d5b00000, 0x0000000100000000)
  eden space 3584K, 99% used [0x00000000d5580000,0x00000000d5900000,0x00000000d5900000)
  from space 1024K, 63% used [0x00000000d5900000,0x00000000d59a3008,0x00000000d5a00000)
  to   space 1024K, 0% used [0x00000000d5a00000,0x00000000d5a00000,0x00000000d5b00000)
 ParOldGen       total 836608K, used 266861K [0x0000000080000000, 0x00000000b3100000, 0x00000000d5580000)
  object space 836608K, 31% used [0x0000000080000000,0x000000009049b6f0,0x00000000b3100000)
 Metaspace       used 78766K, committed 80576K, reserved 1179648K
  class space    used 8155K, committed 8960K, reserved 1048576K
GC Heap History (20 events):
Event: 67.038 GC heap before
{Heap before GC invocations=1822 (full 4):
 PSYoungGen      total 4608K, used 4288K [0x00000000d5580000, 0x00000000d5b80000, 0x0000000100000000)
  eden space 3584K, 100% used [0x00000000d5580000,0x00000000d5900000,0x00000000d5900000)
  from space 1024K, 68% used [0x00000000d5900000,0x00000000d59b0000,0x00000000d5a00000)
  to   space 1024K, 0% used [0x00000000d5a80000,0x00000000d5a80000,0x00000000d5b80000)
 ParOldGen       total 836608K, used 261528K [0x0000000080000000, 0x00000000b3100000, 0x00000000d5580000)
  object space 836608K, 31% used [0x0000000080000000,0x000000008ff662c8,0x00000000b3100000)
 Metaspace       used 78766K, committed 80576K, reserved 1179648K
  class space    used 8155K, committed 8960K, reserved 1048576K
}
Event: 67.039 GC heap after
{Heap after GC invocations=1822 (full 4):
 PSYoungGen      total 4096K, used 480K [0x00000000d5580000, 0x00000000d5b00000, 0x0000000100000000)
  eden space 3584K, 0% used [0x00000000d5580000,0x00000000d5580000,0x00000000d5900000)
  from space 512K, 93% used [0x00000000d5a80000,0x00000000d5af8000,0x00000000d5b00000)
  to   space 1024K, 0% used [0x00000000d5900000,0x00000000d5900000,0x00000000d5a00000)
 ParOldGen       total 836608K, used 262067K [0x0000000080000000, 0x00000000b3100000, 0x00000000d5580000)
  object space 836608K, 31% used [0x0000000080000000,0x000000008ffeced0,0x00000000b3100000)
 Metaspace       used 78766K, committed 80576K, reserved 1179648K
  class space    used 8155K, committed 8960K, reserved 1048576K
}
Event: 67.063 GC heap before
{Heap before GC invocations=1823 (full 4):
 PSYoungGen      total 4096K, used 4064K [0x00000000d5580000, 0x00000000d5b00000, 0x0000000100000000)
  eden space 3584K, 100% used [0x00000000d5580000,0x00000000d5900000,0x00000000d5900000)
  from space 512K, 93% used [0x00000000d5a80000,0x00000000d5af8000,0x00000000d5b00000)
  to   space 1024K, 0% used [0x00000000d5900000,0x00000000d5900000,0x00000000d5a00000)
 ParOldGen       total 836608K, used 262067K [0x0000000080000000, 0x00000000b3100000, 0x00000000d5580000)
  object space 836608K, 31% used [0x0000000080000000,0x000000008ffeced0,0x00000000b3100000)
 Metaspace       used 78766K, committed 80576K, reserved 1179648K
  class space    used 8155K, committed 8960K, reserved 1048576K
}
Event: 67.064 GC heap after
{Heap after GC invocations=1823 (full 4):
 PSYoungGen      total 4608K, used 640K [0x00000000d5580000, 0x00000000d5b00000, 0x0000000100000000)
  eden space 3584K, 0% used [0x00000000d5580000,0x00000000d5580000,0x00000000d5900000)
  from space 1024K, 62% used [0x00000000d5900000,0x00000000d59a0000,0x00000000d5a00000)
  to   space 1024K, 0% used [0x00000000d5a00000,0x00000000d5a00000,0x00000000d5b00000)
 ParOldGen       total 836608K, used 262459K [0x0000000080000000, 0x00000000b3100000, 0x00000000d5580000)
  object space 836608K, 31% used [0x0000000080000000,0x000000009004eed0,0x00000000b3100000)
 Metaspace       used 78766K, committed 80576K, reserved 1179648K
  class space    used 8155K, committed 8960K, reserved 1048576K
}
Event: 67.085 GC heap before
{Heap before GC invocations=1824 (full 4):
 PSYoungGen      total 4608K, used 4224K [0x00000000d5580000, 0x00000000d5b00000, 0x0000000100000000)
  eden space 3584K, 100% used [0x00000000d5580000,0x00000000d5900000,0x00000000d5900000)
  from space 1024K, 62% used [0x00000000d5900000,0x00000000d59a0000,0x00000000d5a00000)
  to   space 1024K, 0% used [0x00000000d5a00000,0x00000000d5a00000,0x00000000d5b00000)
 ParOldGen       total 836608K, used 262459K [0x0000000080000000, 0x00000000b3100000, 0x00000000d5580000)
  object space 836608K, 31% used [0x0000000080000000,0x000000009004eed0,0x00000000b3100000)
 Metaspace       used 78766K, committed 80576K, reserved 1179648K
  class space    used 8155K, committed 8960K, reserved 1048576K
}
Event: 67.086 GC heap after
{Heap after GC invocations=1824 (full 4):
 PSYoungGen      total 4608K, used 544K [0x00000000d5580000, 0x00000000d5b00000, 0x0000000100000000)
  eden space 3584K, 0% used [0x00000000d5580000,0x00000000d5580000,0x00000000d5900000)
  from space 1024K, 53% used [0x00000000d5a00000,0x00000000d5a88000,0x00000000d5b00000)
  to   space 1024K, 0% used [0x00000000d5900000,0x00000000d5900000,0x00000000d5a00000)
 ParOldGen       total 836608K, used 262902K [0x0000000080000000, 0x00000000b3100000, 0x00000000d5580000)
  object space 836608K, 31% used [0x0000000080000000,0x00000000900bdad8,0x00000000b3100000)
 Metaspace       used 78766K, committed 80576K, reserved 1179648K
  class space    used 8155K, committed 8960K, reserved 1048576K
}
Event: 67.136 GC heap before
{Heap before GC invocations=1825 (full 4):
 PSYoungGen      total 4608K, used 4114K [0x00000000d5580000, 0x00000000d5b00000, 0x0000000100000000)
  eden space 3584K, 99% used [0x00000000d5580000,0x00000000d58fcbd8,0x00000000d5900000)
  from space 1024K, 53% used [0x00000000d5a00000,0x00000000d5a88000,0x00000000d5b00000)
  to   space 1024K, 0% used [0x00000000d5900000,0x00000000d5900000,0x00000000d5a00000)
 ParOldGen       total 836608K, used 262902K [0x0000000080000000, 0x00000000b3100000, 0x00000000d5580000)
  object space 836608K, 31% used [0x0000000080000000,0x00000000900bdad8,0x00000000b3100000)
 Metaspace       used 78766K, committed 80576K, reserved 1179648K
  class space    used 8155K, committed 8960K, reserved 1048576K
}
Event: 67.139 GC heap after
{Heap after GC invocations=1825 (full 4):
 PSYoungGen      total 4608K, used 662K [0x00000000d5580000, 0x00000000d5b00000, 0x0000000100000000)
  eden space 3584K, 0% used [0x00000000d5580000,0x00000000d5580000,0x00000000d5900000)
  from space 1024K, 64% used [0x00000000d5900000,0x00000000d59a5808,0x00000000d5a00000)
  to   space 1024K, 0% used [0x00000000d5a00000,0x00000000d5a00000,0x00000000d5b00000)
 ParOldGen       total 836608K, used 263366K [0x0000000080000000, 0x00000000b3100000, 0x00000000d5580000)
  object space 836608K, 31% used [0x0000000080000000,0x0000000090131ad8,0x00000000b3100000)
 Metaspace       used 78766K, committed 80576K, reserved 1179648K
  class space    used 8155K, committed 8960K, reserved 1048576K
}
Event: 67.185 GC heap before
{Heap before GC invocations=1826 (full 4):
 PSYoungGen      total 4608K, used 4246K [0x00000000d5580000, 0x00000000d5b00000, 0x0000000100000000)
  eden space 3584K, 100% used [0x00000000d5580000,0x00000000d5900000,0x00000000d5900000)
  from space 1024K, 64% used [0x00000000d5900000,0x00000000d59a5808,0x00000000d5a00000)
  to   space 1024K, 0% used [0x00000000d5a00000,0x00000000d5a00000,0x00000000d5b00000)
 ParOldGen       total 836608K, used 263366K [0x0000000080000000, 0x00000000b3100000, 0x00000000d5580000)
  object space 836608K, 31% used [0x0000000080000000,0x0000000090131ad8,0x00000000b3100000)
 Metaspace       used 78766K, committed 80576K, reserved 1179648K
  class space    used 8155K, committed 8960K, reserved 1048576K
}
Event: 67.187 GC heap after
{Heap after GC invocations=1826 (full 4):
 PSYoungGen      total 4608K, used 963K [0x00000000d5580000, 0x00000000d5b00000, 0x0000000100000000)
  eden space 3584K, 0% used [0x00000000d5580000,0x00000000d5580000,0x00000000d5900000)
  from space 1024K, 94% used [0x00000000d5a00000,0x00000000d5af0c00,0x00000000d5b00000)
  to   space 1024K, 0% used [0x00000000d5900000,0x00000000d5900000,0x00000000d5a00000)
 ParOldGen       total 836608K, used 263836K [0x0000000080000000, 0x00000000b3100000, 0x00000000d5580000)
  object space 836608K, 31% used [0x0000000080000000,0x00000000901a72e0,0x00000000b3100000)
 Metaspace       used 78766K, committed 80576K, reserved 1179648K
  class space    used 8155K, committed 8960K, reserved 1048576K
}
Event: 67.224 GC heap before
{Heap before GC invocations=1827 (full 4):
 PSYoungGen      total 4608K, used 4547K [0x00000000d5580000, 0x00000000d5b00000, 0x0000000100000000)
  eden space 3584K, 100% used [0x00000000d5580000,0x00000000d5900000,0x00000000d5900000)
  from space 1024K, 94% used [0x00000000d5a00000,0x00000000d5af0c00,0x00000000d5b00000)
  to   space 1024K, 0% used [0x00000000d5900000,0x00000000d5900000,0x00000000d5a00000)
 ParOldGen       total 836608K, used 263836K [0x0000000080000000, 0x00000000b3100000, 0x00000000d5580000)
  object space 836608K, 31% used [0x0000000080000000,0x00000000901a72e0,0x00000000b3100000)
 Metaspace       used 78766K, committed 80576K, reserved 1179648K
  class space    used 8155K, committed 8960K, reserved 1048576K
}
Event: 67.225 GC heap after
{Heap after GC invocations=1827 (full 4):
 PSYoungGen      total 4608K, used 704K [0x00000000d5580000, 0x00000000d5b00000, 0x0000000100000000)
  eden space 3584K, 0% used [0x00000000d5580000,0x00000000d5580000,0x00000000d5900000)
  from space 1024K, 68% used [0x00000000d5900000,0x00000000d59b0000,0x00000000d5a00000)
  to   space 1024K, 0% used [0x00000000d5a00000,0x00000000d5a00000,0x00000000d5b00000)
 ParOldGen       total 836608K, used 264180K [0x0000000080000000, 0x00000000b3100000, 0x00000000d5580000)
  object space 836608K, 31% used [0x0000000080000000,0x00000000901fd2e0,0x00000000b3100000)
 Metaspace       used 78766K, committed 80576K, reserved 1179648K
  class space    used 8155K, committed 8960K, reserved 1048576K
}
Event: 67.243 GC heap before
{Heap before GC invocations=1828 (full 4):
 PSYoungGen      total 4608K, used 4288K [0x00000000d5580000, 0x00000000d5b00000, 0x0000000100000000)
  eden space 3584K, 100% used [0x00000000d5580000,0x00000000d5900000,0x00000000d5900000)
  from space 1024K, 68% used [0x00000000d5900000,0x00000000d59b0000,0x00000000d5a00000)
  to   space 1024K, 0% used [0x00000000d5a00000,0x00000000d5a00000,0x00000000d5b00000)
 ParOldGen       total 836608K, used 264180K [0x0000000080000000, 0x00000000b3100000, 0x00000000d5580000)
  object space 836608K, 31% used [0x0000000080000000,0x00000000901fd2e0,0x00000000b3100000)
 Metaspace       used 78766K, committed 80576K, reserved 1179648K
  class space    used 8155K, committed 8960K, reserved 1048576K
}
Event: 67.245 GC heap after
{Heap after GC invocations=1828 (full 4):
 PSYoungGen      total 4608K, used 576K [0x00000000d5580000, 0x00000000d5b00000, 0x0000000100000000)
  eden space 3584K, 0% used [0x00000000d5580000,0x00000000d5580000,0x00000000d5900000)
  from space 1024K, 56% used [0x00000000d5a00000,0x00000000d5a90000,0x00000000d5b00000)
  to   space 1024K, 0% used [0x00000000d5900000,0x00000000d5900000,0x00000000d5a00000)
 ParOldGen       total 836608K, used 264628K [0x0000000080000000, 0x00000000b3100000, 0x00000000d5580000)
  object space 836608K, 31% used [0x0000000080000000,0x000000009026d2e0,0x00000000b3100000)
 Metaspace       used 78766K, committed 80576K, reserved 1179648K
  class space    used 8155K, committed 8960K, reserved 1048576K
}
Event: 67.265 GC heap before
{Heap before GC invocations=1829 (full 4):
 PSYoungGen      total 4608K, used 4160K [0x00000000d5580000, 0x00000000d5b00000, 0x0000000100000000)
  eden space 3584K, 100% used [0x00000000d5580000,0x00000000d5900000,0x00000000d5900000)
  from space 1024K, 56% used [0x00000000d5a00000,0x00000000d5a90000,0x00000000d5b00000)
  to   space 1024K, 0% used [0x00000000d5900000,0x00000000d5900000,0x00000000d5a00000)
 ParOldGen       total 836608K, used 264628K [0x0000000080000000, 0x00000000b3100000, 0x00000000d5580000)
  object space 836608K, 31% used [0x0000000080000000,0x000000009026d2e0,0x00000000b3100000)
 Metaspace       used 78766K, committed 80576K, reserved 1179648K
  class space    used 8155K, committed 8960K, reserved 1048576K
}
Event: 67.267 GC heap after
{Heap after GC invocations=1829 (full 4):
 PSYoungGen      total 4608K, used 480K [0x00000000d5580000, 0x00000000d5b00000, 0x0000000100000000)
  eden space 3584K, 0% used [0x00000000d5580000,0x00000000d5580000,0x00000000d5900000)
  from space 1024K, 46% used [0x00000000d5900000,0x00000000d5978000,0x00000000d5a00000)
  to   space 1024K, 0% used [0x00000000d5a00000,0x00000000d5a00000,0x00000000d5b00000)
 ParOldGen       total 836608K, used 265047K [0x0000000080000000, 0x00000000b3100000, 0x00000000d5580000)
  object space 836608K, 31% used [0x0000000080000000,0x00000000902d5ee8,0x00000000b3100000)
 Metaspace       used 78766K, committed 80576K, reserved 1179648K
  class space    used 8155K, committed 8960K, reserved 1048576K
}
Event: 67.284 GC heap before
{Heap before GC invocations=1830 (full 4):
 PSYoungGen      total 4608K, used 4064K [0x00000000d5580000, 0x00000000d5b00000, 0x0000000100000000)
  eden space 3584K, 100% used [0x00000000d5580000,0x00000000d5900000,0x00000000d5900000)
  from space 1024K, 46% used [0x00000000d5900000,0x00000000d5978000,0x00000000d5a00000)
  to   space 1024K, 0% used [0x00000000d5a00000,0x00000000d5a00000,0x00000000d5b00000)
 ParOldGen       total 836608K, used 265047K [0x0000000080000000, 0x00000000b3100000, 0x00000000d5580000)
  object space 836608K, 31% used [0x0000000080000000,0x00000000902d5ee8,0x00000000b3100000)
 Metaspace       used 78766K, committed 80576K, reserved 1179648K
  class space    used 8155K, committed 8960K, reserved 1048576K
}
Event: 67.285 GC heap after
{Heap after GC invocations=1830 (full 4):
 PSYoungGen      total 4608K, used 758K [0x00000000d5580000, 0x00000000d5b00000, 0x0000000100000000)
  eden space 3584K, 0% used [0x00000000d5580000,0x00000000d5580000,0x00000000d5900000)
  from space 1024K, 74% used [0x00000000d5a00000,0x00000000d5abd808,0x00000000d5b00000)
  to   space 1024K, 0% used [0x00000000d5900000,0x00000000d5900000,0x00000000d5a00000)
 ParOldGen       total 836608K, used 265383K [0x0000000080000000, 0x00000000b3100000, 0x00000000d5580000)
  object space 836608K, 31% used [0x0000000080000000,0x0000000090329ee8,0x00000000b3100000)
 Metaspace       used 78766K, committed 80576K, reserved 1179648K
  class space    used 8155K, committed 8960K, reserved 1048576K
}
Event: 67.303 GC heap before
{Heap before GC invocations=1831 (full 4):
 PSYoungGen      total 4608K, used 4342K [0x00000000d5580000, 0x00000000d5b00000, 0x0000000100000000)
  eden space 3584K, 100% used [0x00000000d5580000,0x00000000d5900000,0x00000000d5900000)
  from space 1024K, 74% used [0x00000000d5a00000,0x00000000d5abd808,0x00000000d5b00000)
  to   space 1024K, 0% used [0x00000000d5900000,0x00000000d5900000,0x00000000d5a00000)
 ParOldGen       total 836608K, used 265383K [0x0000000080000000, 0x00000000b3100000, 0x00000000d5580000)
  object space 836608K, 31% used [0x0000000080000000,0x0000000090329ee8,0x00000000b3100000)
 Metaspace       used 78766K, committed 80576K, reserved 1179648K
  class space    used 8155K, committed 8960K, reserved 1048576K
}
Event: 67.305 GC heap after
{Heap after GC invocations=1831 (full 4):
 PSYoungGen      total 4608K, used 576K [0x00000000d5580000, 0x00000000d5b00000, 0x0000000100000000)
  eden space 3584K, 0% used [0x00000000d5580000,0x00000000d5580000,0x00000000d5900000)
  from space 1024K, 56% used [0x00000000d5900000,0x00000000d5990000,0x00000000d5a00000)
  to   space 1024K, 0% used [0x00000000d5a00000,0x00000000d5a00000,0x00000000d5b00000)
 ParOldGen       total 836608K, used 265845K [0x0000000080000000, 0x00000000b3100000, 0x00000000d5580000)
  object space 836608K, 31% used [0x0000000080000000,0x000000009039d6f0,0x00000000b3100000)
 Metaspace       used 78766K, committed 80576K, reserved 1179648K
  class space    used 8155K, committed 8960K, reserved 1048576K
}

